
📊 TOKEN REPORT: AGR (Albino Gorilla)
────────────────────────────────────────
🏁 Launch Price: 0.0000000280 (10/1/2025, 9:40:53 AM)
🎯 ATH Price:    0.0000000280 (10/1/2025, 9:40:53 AM)
📉 ATL Price:    0.0000000280 (10/1/2025, 9:40:53 AM)
💰 Current Price: 0.0000000280

📈 PERFORMANCE:
├── From Launch: 0.00%
├── From ATH:    0.00%
└── From ATL:    0.00%

📊 Transactions: 1
🕐 Last Updated: 10/1/2025, 9:40:53 AM
────────────────────────────────────────
    
📊 TOKEN REPORT: TRANNYBRO (trannybro)
────────────────────────────────────────
🏁 Launch Price: 0.0000000280 (10/1/2025, 9:40:53 AM)
🎯 ATH Price:    0.0000000280 (10/1/2025, 9:40:53 AM)
📉 ATL Price:    0.0000000280 (10/1/2025, 9:40:53 AM)
💰 Current Price: 0.0000000280

📈 PERFORMANCE:
├── From Launch: 0.00%
├── From ATH:    0.00%
└── From ATL:    0.00%

📊 Transactions: 1
🕐 Last Updated: 10/1/2025, 9:40:53 AM
────────────────────────────────────────
    
📊 TOKEN REPORT: USDC (United States Debt Coin)
────────────────────────────────────────
🏁 Launch Price: 0.0000000280 (10/1/2025, 9:40:39 AM)
🎯 ATH Price:    0.0000000280 (10/1/2025, 9:40:39 AM)
📉 ATL Price:    0.0000000280 (10/1/2025, 9:40:39 AM)
💰 Current Price: 0.0000000280

📈 PERFORMANCE:
├── From Launch: 0.00%
├── From ATH:    0.00%
└── From ATL:    0.00%

📊 Transactions: 1
🕐 Last Updated: 10/1/2025, 9:40:39 AM
────────────────────────────────────────
    
📊 TOKEN REPORT: ran (ran)
────────────────────────────────────────
🏁 Launch Price: 0.0000000280 (10/1/2025, 9:40:32 AM)
🎯 ATH Price:    0.0000000280 (10/1/2025, 9:40:32 AM)
📉 ATL Price:    0.0000000280 (10/1/2025, 9:40:32 AM)
💰 Current Price: 0.0000000280

📈 PERFORMANCE:
├── From Launch: 0.00%
├── From ATH:    0.00%
└── From ATL:    0.00%

📊 Transactions: 1
🕐 Last Updated: 10/1/2025, 9:40:32 AM
────────────────────────────────────────
    
📊 TOKEN REPORT: JewTok (JewTok)
────────────────────────────────────────
🏁 Launch Price: 0.0000000281 (10/1/2025, 9:40:32 AM)
🎯 ATH Price:    0.0000000281 (10/1/2025, 9:40:32 AM)
📉 ATL Price:    0.0000000281 (10/1/2025, 9:40:32 AM)
💰 Current Price: 0.0000000281

📈 PERFORMANCE:
├── From Launch: 0.00%
├── From ATH:    0.00%
└── From ATL:    0.00%

📊 Transactions: 1
🕐 Last Updated: 10/1/2025, 9:40:32 AM
────────────────────────────────────────
    
📊 TOKEN REPORT: MEOW (Meowcoin)
────────────────────────────────────────
🏁 Launch Price: 0.0000001500 (10/1/2025, 9:40:31 AM)
🎯 ATH Price:    0.0000001500 (10/1/2025, 9:40:31 AM)
📉 ATL Price:    0.0000001500 (10/1/2025, 9:40:31 AM)
💰 Current Price: 0.0000001500

📈 PERFORMANCE:
├── From Launch: 0.00%
├── From ATH:    0.00%
└── From ATL:    0.00%

📊 Transactions: 1
🕐 Last Updated: 10/1/2025, 9:40:31 AM
────────────────────────────────────────
    
📊 TOKEN REPORT: MOONBONE (MOONBONE)
────────────────────────────────────────
🏁 Launch Price: 0.0000000284 (10/1/2025, 9:40:26 AM)
🎯 ATH Price:    0.0000000284 (10/1/2025, 9:40:26 AM)
📉 ATL Price:    0.0000000284 (10/1/2025, 9:40:26 AM)
💰 Current Price: 0.0000000284

📈 PERFORMANCE:
├── From Launch: 0.00%
├── From ATH:    0.00%
└── From ATL:    0.00%

📊 Transactions: 1
🕐 Last Updated: 10/1/2025, 9:40:26 AM
────────────────────────────────────────
    
📊 TOKEN REPORT: AER (Aeropur)
────────────────────────────────────────
🏁 Launch Price: 0.0000000318 (10/1/2025, 9:40:21 AM)
🎯 ATH Price:    0.0000000318 (10/1/2025, 9:40:21 AM)
📉 ATL Price:    0.0000000318 (10/1/2025, 9:40:21 AM)
💰 Current Price: 0.0000000318

📈 PERFORMANCE:
├── From Launch: 0.00%
├── From ATH:    0.00%
└── From ATL:    0.00%

📊 Transactions: 1
🕐 Last Updated: 10/1/2025, 9:40:21 AM
────────────────────────────────────────
    
📊 TOKEN REPORT: junk (junk.fun)
────────────────────────────────────────
🏁 Launch Price: 0.0000000344 (10/1/2025, 9:40:05 AM)
🎯 ATH Price:    0.0000000344 (10/1/2025, 9:40:05 AM)
📉 ATL Price:    0.0000000344 (10/1/2025, 9:40:05 AM)
💰 Current Price: 0.0000000344

📈 PERFORMANCE:
├── From Launch: 0.00%
├── From ATH:    0.00%
└── From ATL:    0.00%

📊 Transactions: 1
🕐 Last Updated: 10/1/2025, 9:40:05 AM
────────────────────────────────────────
    
📊 TOKEN REPORT: Coffee (International Coffee Day)
────────────────────────────────────────
🏁 Launch Price: 0.0000000280 (10/1/2025, 9:40:00 AM)
🎯 ATH Price:    0.0000000280 (10/1/2025, 9:40:00 AM)
📉 ATL Price:    0.0000000280 (10/1/2025, 9:40:00 AM)
💰 Current Price: 0.0000000280

📈 PERFORMANCE:
├── From Launch: 0.00%
├── From ATH:    0.00%
└── From ATL:    0.00%

📊 Transactions: 1
🕐 Last Updated: 10/1/2025, 9:40:00 AM
────────────────────────────────────────
    
📊 TOKEN REPORT: BuyMyCoin (JackDuval)
────────────────────────────────────────
🏁 Launch Price: 0.0000000280 (10/1/2025, 9:39:57 AM)
🎯 ATH Price:    0.0000000280 (10/1/2025, 9:39:57 AM)
📉 ATL Price:    0.0000000280 (10/1/2025, 9:39:57 AM)
💰 Current Price: 0.0000000280

📈 PERFORMANCE:
├── From Launch: 0.00%
├── From ATH:    0.00%
└── From ATL:    0.00%

📊 Transactions: 1
🕐 Last Updated: 10/1/2025, 9:39:57 AM
────────────────────────────────────────
    
📊 TOKEN REPORT: UNSTBLEUS (Unstable America )
────────────────────────────────────────
🏁 Launch Price: 0.0000000298 (10/1/2025, 9:39:49 AM)
🎯 ATH Price:    0.0000000298 (10/1/2025, 9:39:49 AM)
📉 ATL Price:    0.0000000298 (10/1/2025, 9:39:49 AM)
💰 Current Price: 0.0000000298

📈 PERFORMANCE:
├── From Launch: 0.00%
├── From ATH:    0.00%
└── From ATL:    0.00%

📊 Transactions: 1
🕐 Last Updated: 10/1/2025, 9:39:49 AM
────────────────────────────────────────
    
📊 TOKEN REPORT: ADSTREAM (Adstream)
────────────────────────────────────────
🏁 Launch Price: 0.0000000280 (10/1/2025, 9:21:07 AM)
🎯 ATH Price:    0.0000000280 (10/1/2025, 9:21:07 AM)
📉 ATL Price:    0.0000000280 (10/1/2025, 9:21:07 AM)
💰 Current Price: 0.0000000280

📈 PERFORMANCE:
├── From Launch: 0.00%
├── From ATH:    0.00%
└── From ATL:    0.00%

📊 Transactions: 1
🕐 Last Updated: 10/1/2025, 9:21:07 AM
────────────────────────────────────────
    