
📈 TOKEN SUMMARY REPORT
Generated: 10/5/2025, 10:07:54 AM
Total Tokens: 13
────────────────────────────────────────
 1. AGR        |   0.00000003 | 🎯 AT ATH            | 📊 1 tx
 2. TRANNYBRO  |   0.00000003 | 🎯 AT ATH            | 📊 1 tx
 3. USDC       |   0.00000003 | 🎯 AT ATH            | 📊 1 tx
 4. ran        |   0.00000003 | 🎯 AT ATH            | 📊 1 tx
 5. JewTok     |   0.00000003 | 🎯 AT ATH            | 📊 1 tx
 6. MEOW       |   0.00000015 | 🎯 AT ATH            | 📊 1 tx
 7. MOONBONE   |   0.00000003 | 🎯 AT ATH            | 📊 1 tx
 8. AER        |   0.00000003 | 🎯 AT ATH            | 📊 1 tx
 9. junk       |   0.00000003 | 🎯 AT ATH            | 📊 1 tx
10. Coffee     |   0.00000003 | 🎯 AT ATH            | 📊 1 tx
11. BuyMyCoin  |   0.00000003 | 🎯 AT ATH            | 📊 1 tx
12. UNSTBLEUS  |   0.00000003 | 🎯 AT ATH            | 📊 1 tx
13. ADSTREAM   |   0.00000003 | 🎯 AT ATH            | 📊 1 tx
────────────────────────────────────────

📈 TOKEN SUMMARY REPORT
Generated: 10/5/2025, 10:14:41 AM
Total Tokens: 13
────────────────────────────────────────
 1. AGR        |   0.00000003 | 🎯 AT ATH            | 📊 1 tx
 2. TRANNYBRO  |   0.00000003 | 🎯 AT ATH            | 📊 1 tx
 3. USDC       |   0.00000003 | 🎯 AT ATH            | 📊 1 tx
 4. ran        |   0.00000003 | 🎯 AT ATH            | 📊 1 tx
 5. JewTok     |   0.00000003 | 🎯 AT ATH            | 📊 1 tx
 6. MEOW       |   0.00000015 | 🎯 AT ATH            | 📊 1 tx
 7. MOONBONE   |   0.00000003 | 🎯 AT ATH            | 📊 1 tx
 8. AER        |   0.00000003 | 🎯 AT ATH            | 📊 1 tx
 9. junk       |   0.00000003 | 🎯 AT ATH            | 📊 1 tx
10. Coffee     |   0.00000003 | 🎯 AT ATH            | 📊 1 tx
11. BuyMyCoin  |   0.00000003 | 🎯 AT ATH            | 📊 1 tx
12. UNSTBLEUS  |   0.00000003 | 🎯 AT ATH            | 📊 1 tx
13. ADSTREAM   |   0.00000003 | 🎯 AT ATH            | 📊 1 tx
────────────────────────────────────────
